bind [127.0.0.1]:6060: Address already in use
channel_setup_fwd_listener_tcpip: cannot listen to port: 6060
Could not request local forwarding.
=== queue_sc1_v4 (padoc v4 BufWriter) starting at Wed May 13 11:10:46 AM CST 2026 ===
=== padoc v4 bench done at Wed May 13 11:21:06 AM CST 2026 ===
=== lewm full-dir roundtrip with v4 at Wed May 13 11:21:06 AM CST 2026 ===
input              : /mnt/treasure/ljx/Trace_int/leworldmodel_json
compressor         : padoc
input_size         : 4 B
event_count        : 3469389
load_secs          :    6.501
compress_secs      :   14.367
decompress_secs    :    4.704
verify_secs        :   18.189
compressed_bytes   : 37.48 MiB
ratio              :     0.00x
compress_throughput:      0.0 MB/s
--- verify report ---
original_events    : 3469389
reconstructed      : 3469389
matching           : 3469389
mismatched         : 0
missing_streams    : 0
extra_streams      : 0
LOSSLESS           : YES
=== queue_sc1_v4 finished at Wed May 13 11:21:53 AM CST 2026 ===
